# JRE version: Java(TM) SE Runtime Environment (8.0_111-b14) (build 1.8.0_111-b14)
# Java VM: Java HotSpot(TM) 64-Bit Server VM (25.111-b14 mixed mode windows-amd64 compressed oops)
Heap:
 PSYoungGen      total 135168K, used 26824K [0x000000076ef00000, 0x0000000777d00000, 0x00000007c0000000)
  eden space 124928K, 15% used [0x000000076ef00000,0x000000077014e320,0x0000000776900000)
  from space 10240K, 78% used [0x0000000776900000,0x00000007770e3ea8,0x0000000777300000)
  to   space 10240K, 0% used [0x0000000777300000,0x0000000777300000,0x0000000777d00000)
 ParOldGen       total 96768K, used 19262K [0x00000006ccc00000, 0x00000006d2a80000, 0x000000076ef00000)
  object space 96768K, 19% used [0x00000006ccc00000,0x00000006cdecf888,0x00000006d2a80000)
 Metaspace       used 38856K, capacity 40356K, committed 40576K, reserved 1085440K
  class space    used 4880K, capacity 5180K, committed 5248K, reserved 1048576K
GC Heap History (10 events):
Event: 2.501 GC heap before
{Heap before GC invocations=3 (full 1):
 PSYoungGen      total 135168K, used 9727K [0x000000076ef00000, 0x0000000777d00000, 0x00000007c0000000)
  eden space 124928K, 0% used [0x000000076ef00000,0x000000076ef00000,0x0000000776900000)
  from space 10240K, 94% used [0x0000000777300000,0x0000000777c7fd80,0x0000000777d00000)
  to   space 10240K, 0% used [0x0000000776900000,0x0000000776900000,0x0000000777300000)
 ParOldGen       total 166912K, used 24K [0x00000006ccc00000, 0x00000006d6f00000, 0x000000076ef00000)
  object space 166912K, 0% used [0x00000006ccc00000,0x00000006ccc06000,0x00000006d6f00000)
 Metaspace       used 20710K, capacity 21154K, committed 21248K, reserved 1067008K
  class space    used 2658K, capacity 2803K, committed 2816K, reserved 1048576K
Event: 2.544 GC heap after
Heap after GC invocations=3 (full 1):
 PSYoungGen      total 135168K, used 0K [0x000000076ef00000, 0x0000000777d00000, 0x00000007c0000000)
  eden space 124928K, 0% used [0x000000076ef00000,0x000000076ef00000,0x0000000776900000)
  from space 10240K, 0% used [0x0000000777300000,0x0000000777300000,0x0000000777d00000)
  to   space 10240K, 0% used [0x0000000776900000,0x0000000776900000,0x0000000777300000)
 ParOldGen       total 96768K, used 9287K [0x00000006ccc00000, 0x00000006d2a80000, 0x000000076ef00000)
  object space 96768K, 9% used [0x00000006ccc00000,0x00000006cd511ca0,0x00000006d2a80000)
 Metaspace       used 20710K, capacity 21154K, committed 21248K, reserved 1067008K
  class space    used 2658K, capacity 2803K, committed 2816K, reserved 1048576K
}
Event: 5.817 GC heap before
{Heap before GC invocations=4 (full 1):
 PSYoungGen      total 135168K, used 124928K [0x000000076ef00000, 0x0000000777d00000, 0x00000007c0000000)
  eden space 124928K, 100% used [0x000000076ef00000,0x0000000776900000,0x0000000776900000)
  from space 10240K, 0% used [0x0000000777300000,0x0000000777300000,0x0000000777d00000)
  to   space 10240K, 0% used [0x0000000776900000,0x0000000776900000,0x0000000777300000)
 ParOldGen       total 96768K, used 9287K [0x00000006ccc00000, 0x00000006d2a80000, 0x000000076ef00000)
  object space 96768K, 9% used [0x00000006ccc00000,0x00000006cd511ca0,0x00000006d2a80000)
 Metaspace       used 29892K, capacity 31032K, committed 31360K, reserved 1077248K
  class space    used 3856K, capacity 4114K, committed 4224K, reserved 1048576K
Event: 5.877 GC heap after
Heap after GC invocations=4 (full 1):
 PSYoungGen      total 135168K, used 10209K [0x000000076ef00000, 0x0000000777d00000, 0x00000007c0000000)
  eden space 124928K, 0% used [0x000000076ef00000,0x000000076ef00000,0x0000000776900000)
  from space 10240K, 99% used [0x0000000776900000,0x00000007772f8650,0x0000000777300000)
  to   space 10240K, 0% used [0x0000000777300000,0x0000000777300000,0x0000000777d00000)
 ParOldGen       total 96768K, used 14582K [0x00000006ccc00000, 0x00000006d2a80000, 0x000000076ef00000)
  object space 96768K, 15% used [0x00000006ccc00000,0x00000006cda3d950,0x00000006d2a80000)
 Metaspace       used 29892K, capacity 31032K, committed 31360K, reserved 1077248K
  class space    used 3856K, capacity 4114K, committed 4224K, reserved 1048576K
}
Event: 7.273 GC heap before
{Heap before GC invocations=5 (full 1):
 PSYoungGen      total 135168K, used 61680K [0x000000076ef00000, 0x0000000777d00000, 0x00000007c0000000)
  eden space 124928K, 41% used [0x000000076ef00000,0x0000000772143bf8,0x0000000776900000)
  from space 10240K, 99% used [0x0000000776900000,0x00000007772f8650,0x0000000777300000)
  to   space 10240K, 0% used [0x0000000777300000,0x0000000777300000,0x0000000777d00000)
 ParOldGen       total 96768K, used 14582K [0x00000006ccc00000, 0x00000006d2a80000, 0x000000076ef00000)
  object space 96768K, 15% used [0x00000006ccc00000,0x00000006cda3d950,0x00000006d2a80000)
 Metaspace       used 34149K, capacity 35310K, committed 35416K, reserved 1081344K
  class space    used 4311K, capacity 4583K, committed 4608K, reserved 1048576K
Event: 7.379 GC heap after
Heap after GC invocations=5 (full 1):
 PSYoungGen      total 135168K, used 10239K [0x000000076ef00000, 0x0000000777d00000, 0x00000007c0000000)
  eden space 124928K, 0% used [0x000000076ef00000,0x000000076ef00000,0x0000000776900000)
  from space 10240K, 99% used [0x0000000777300000,0x0000000777cffd10,0x0000000777d00000)
  to   space 10240K, 0% used [0x0000000776900000,0x0000000776900000,0x0000000777300000)
 ParOldGen       total 96768K, used 19488K [0x00000006ccc00000, 0x00000006d2a80000, 0x000000076ef00000)
  object space 96768K, 20% used [0x00000006ccc00000,0x00000006cdf082f8,0x00000006d2a80000)
 Metaspace       used 34149K, capacity 35310K, committed 35416K, reserved 1081344K
  class space    used 4311K, capacity 4583K, committed 4608K, reserved 1048576K
}
Event: 7.379 GC heap before
{Heap before GC invocations=6 (full 2):
 PSYoungGen      total 135168K, used 10239K [0x000000076ef00000, 0x0000000777d00000, 0x00000007c0000000)
  eden space 124928K, 0% used [0x000000076ef00000,0x000000076ef00000,0x0000000776900000)
  from space 10240K, 99% used [0x0000000777300000,0x0000000777cffd10,0x0000000777d00000)
  to   space 10240K, 0% used [0x0000000776900000,0x0000000776900000,0x0000000777300000)
 ParOldGen       total 96768K, used 19488K [0x00000006ccc00000, 0x00000006d2a80000, 0x000000076ef00000)
  object space 96768K, 20% used [0x00000006ccc00000,0x00000006cdf082f8,0x00000006d2a80000)
 Metaspace       used 34149K, capacity 35310K, committed 35416K, reserved 1081344K
  class space    used 4311K, capacity 4583K, committed 4608K, reserved 1048576K
Event: 7.442 GC heap after
Heap after GC invocations=6 (full 2):
 PSYoungGen      total 135168K, used 0K [0x000000076ef00000, 0x0000000777d00000, 0x00000007c0000000)
  eden space 124928K, 0% used [0x000000076ef00000,0x000000076ef00000,0x0000000776900000)
  from space 10240K, 0% used [0x0000000777300000,0x0000000777300000,0x0000000777d00000)
  to   space 10240K, 0% used [0x0000000776900000,0x0000000776900000,0x0000000777300000)
 ParOldGen       total 96768K, used 19262K [0x00000006ccc00000, 0x00000006d2a80000, 0x000000076ef00000)
  object space 96768K, 19% used [0x00000006ccc00000,0x00000006cdecf888,0x00000006d2a80000)
 Metaspace       used 34149K, capacity 35310K, committed 35416K, reserved 1081344K
  class space    used 4311K, capacity 4583K, committed 4608K, reserved 1048576K
}
Event: 9.299 GC heap before
{Heap before GC invocations=7 (full 2):
 PSYoungGen      total 135168K, used 124928K [0x000000076ef00000, 0x0000000777d00000, 0x00000007c0000000)
  eden space 124928K, 100% used [0x000000076ef00000,0x0000000776900000,0x0000000776900000)
  from space 10240K, 0% used [0x0000000777300000,0x0000000777300000,0x0000000777d00000)
  to   space 10240K, 0% used [0x0000000776900000,0x0000000776900000,0x0000000777300000)
 ParOldGen       total 96768K, used 19262K [0x00000006ccc00000, 0x00000006d2a80000, 0x000000076ef00000)
  object space 96768K, 19% used [0x00000006ccc00000,0x00000006cdecf888,0x00000006d2a80000)
 Metaspace       used 37662K, capacity 39060K, committed 39424K, reserved 1083392K
  class space    used 4744K, capacity 5008K, committed 5120K, reserved 1048576K
Event: 9.342 GC heap after
Heap after GC invocations=7 (full 2):
 PSYoungGen      total 135168K, used 8079K [0x000000076ef00000, 0x0000000777d00000, 0x00000007c0000000)
  eden space 124928K, 0% used [0x000000076ef00000,0x000000076ef00000,0x0000000776900000)
  from space 10240K, 78% used [0x0000000776900000,0x00000007770e3ea8,0x0000000777300000)
  to   space 10240K, 0% used [0x0000000777300000,0x0000000777300000,0x0000000777d00000)
 ParOldGen       total 96768K, used 19262K [0x00000006ccc00000, 0x00000006d2a80000, 0x000000076ef00000)
  object space 96768K, 19% used [0x00000006ccc00000,0x00000006cdecf888,0x00000006d2a80000)
 Metaspace       used 37662K, capacity 39060K, committed 39424K, reserved 1083392K
  class space    used 4744K, capacity 5008K, committed 5120K, reserved 1048576K
}

