# JRE version: Java(TM) SE Runtime Environment (8.0_111-b14) (build 1.8.0_111-b14)
# Java VM: Java HotSpot(TM) 64-Bit Server VM (25.111-b14 mixed mode windows-amd64 compressed oops)
Heap:
 PSYoungGen      total 135168K, used 34426K [0x000000076ef00000, 0x0000000777d00000, 0x00000007c0000000)
  eden space 124928K, 27% used [0x000000076ef00000,0x000000077109e888,0x0000000776900000)
  from space 10240K, 0% used [0x0000000777300000,0x0000000777300000,0x0000000777d00000)
  to   space 10240K, 0% used [0x0000000776900000,0x0000000776900000,0x0000000777300000)
 ParOldGen       total 105472K, used 19790K [0x00000006ccc00000, 0x00000006d3300000, 0x000000076ef00000)
  object space 105472K, 18% used [0x00000006ccc00000,0x00000006cdf539b0,0x00000006d3300000)
 Metaspace       used 35689K, capacity 36904K, committed 37208K, reserved 1081344K
  class space    used 4485K, capacity 4762K, committed 4864K, reserved 1048576K
GC Heap History (10 events):
Event: 2.046 GC heap before
{Heap before GC invocations=2 (full 0):
 PSYoungGen      total 72704K, used 45514K [0x000000076ef00000, 0x0000000777d00000, 0x00000007c0000000)
  eden space 62464K, 58% used [0x000000076ef00000,0x0000000771279170,0x0000000772c00000)
  from space 10240K, 89% used [0x0000000772c00000,0x00000007734f9750,0x0000000773600000)
  to   space 10240K, 0% used [0x0000000777300000,0x0000000777300000,0x0000000777d00000)
 ParOldGen       total 166912K, used 16K [0x00000006ccc00000, 0x00000006d6f00000, 0x000000076ef00000)
  object space 166912K, 0% used [0x00000006ccc00000,0x00000006ccc04000,0x00000006d6f00000)
 Metaspace       used 20660K, capacity 21078K, committed 21248K, reserved 1067008K
  class space    used 2664K, capacity 2801K, committed 2816K, reserved 1048576K
Event: 2.059 GC heap after
Heap after GC invocations=2 (full 0):
 PSYoungGen      total 135168K, used 9603K [0x000000076ef00000, 0x0000000777d00000, 0x00000007c0000000)
  eden space 124928K, 0% used [0x000000076ef00000,0x000000076ef00000,0x0000000776900000)
  from space 10240K, 93% used [0x0000000777300000,0x0000000777c60ef8,0x0000000777d00000)
  to   space 10240K, 0% used [0x0000000776900000,0x0000000776900000,0x0000000777300000)
 ParOldGen       total 166912K, used 24K [0x00000006ccc00000, 0x00000006d6f00000, 0x000000076ef00000)
  object space 166912K, 0% used [0x00000006ccc00000,0x00000006ccc06000,0x00000006d6f00000)
 Metaspace       used 20660K, capacity 21078K, committed 21248K, reserved 1067008K
  class space    used 2664K, capacity 2801K, committed 2816K, reserved 1048576K
}
Event: 2.059 GC heap before
{Heap before GC invocations=3 (full 1):
 PSYoungGen      total 135168K, used 9603K [0x000000076ef00000, 0x0000000777d00000, 0x00000007c0000000)
  eden space 124928K, 0% used [0x000000076ef00000,0x000000076ef00000,0x0000000776900000)
  from space 10240K, 93% used [0x0000000777300000,0x0000000777c60ef8,0x0000000777d00000)
  to   space 10240K, 0% used [0x0000000776900000,0x0000000776900000,0x0000000777300000)
 ParOldGen       total 166912K, used 24K [0x00000006ccc00000, 0x00000006d6f00000, 0x000000076ef00000)
  object space 166912K, 0% used [0x00000006ccc00000,0x00000006ccc06000,0x00000006d6f00000)
 Metaspace       used 20660K, capacity 21078K, committed 21248K, reserved 1067008K
  class space    used 2664K, capacity 2801K, committed 2816K, reserved 1048576K
Event: 2.109 GC heap after
Heap after GC invocations=3 (full 1):
 PSYoungGen      total 135168K, used 0K [0x000000076ef00000, 0x0000000777d00000, 0x00000007c0000000)
  eden space 124928K, 0% used [0x000000076ef00000,0x000000076ef00000,0x0000000776900000)
  from space 10240K, 0% used [0x0000000777300000,0x0000000777300000,0x0000000777d00000)
  to   space 10240K, 0% used [0x0000000776900000,0x0000000776900000,0x0000000777300000)
 ParOldGen       total 105472K, used 9136K [0x00000006ccc00000, 0x00000006d3300000, 0x000000076ef00000)
  object space 105472K, 8% used [0x00000006ccc00000,0x00000006cd4ec070,0x00000006d3300000)
 Metaspace       used 20660K, capacity 21078K, committed 21248K, reserved 1067008K
  class space    used 2664K, capacity 2801K, committed 2816K, reserved 1048576K
}
Event: 4.499 GC heap before
{Heap before GC invocations=4 (full 1):
 PSYoungGen      total 135168K, used 124928K [0x000000076ef00000, 0x0000000777d00000, 0x00000007c0000000)
  eden space 124928K, 100% used [0x000000076ef00000,0x0000000776900000,0x0000000776900000)
  from space 10240K, 0% used [0x0000000777300000,0x0000000777300000,0x0000000777d00000)
  to   space 10240K, 0% used [0x0000000776900000,0x0000000776900000,0x0000000777300000)
 ParOldGen       total 105472K, used 9136K [0x00000006ccc00000, 0x00000006d3300000, 0x000000076ef00000)
  object space 105472K, 8% used [0x00000006ccc00000,0x00000006cd4ec070,0x00000006d3300000)
 Metaspace       used 29223K, capacity 30322K, committed 30464K, reserved 1075200K
  class space    used 3782K, capacity 4049K, committed 4096K, reserved 1048576K
Event: 4.540 GC heap after
Heap after GC invocations=4 (full 1):
 PSYoungGen      total 135168K, used 10233K [0x000000076ef00000, 0x0000000777d00000, 0x00000007c0000000)
  eden space 124928K, 0% used [0x000000076ef00000,0x000000076ef00000,0x0000000776900000)
  from space 10240K, 99% used [0x0000000776900000,0x00000007772fe7b0,0x0000000777300000)
  to   space 10240K, 0% used [0x0000000777300000,0x0000000777300000,0x0000000777d00000)
 ParOldGen       total 105472K, used 13533K [0x00000006ccc00000, 0x00000006d3300000, 0x000000076ef00000)
  object space 105472K, 12% used [0x00000006ccc00000,0x00000006cd9375d8,0x00000006d3300000)
 Metaspace       used 29223K, capacity 30322K, committed 30464K, reserved 1075200K
  class space    used 3782K, capacity 4049K, committed 4096K, reserved 1048576K
}
Event: 6.198 GC heap before
{Heap before GC invocations=5 (full 1):
 PSYoungGen      total 135168K, used 65223K [0x000000076ef00000, 0x0000000777d00000, 0x00000007c0000000)
  eden space 124928K, 44% used [0x000000076ef00000,0x00000007724b36c8,0x0000000776900000)
  from space 10240K, 99% used [0x0000000776900000,0x00000007772fe7b0,0x0000000777300000)
  to   space 10240K, 0% used [0x0000000777300000,0x0000000777300000,0x0000000777d00000)
 ParOldGen       total 105472K, used 13533K [0x00000006ccc00000, 0x00000006d3300000, 0x000000076ef00000)
  object space 105472K, 12% used [0x00000006ccc00000,0x00000006cd9375d8,0x00000006d3300000)
 Metaspace       used 34101K, capacity 35266K, committed 35416K, reserved 1081344K
  class space    used 4296K, capacity 4551K, committed 4608K, reserved 1048576K
Event: 6.284 GC heap after
Heap after GC invocations=5 (full 1):
 PSYoungGen      total 135168K, used 10224K [0x000000076ef00000, 0x0000000777d00000, 0x00000007c0000000)
  eden space 124928K, 0% used [0x000000076ef00000,0x000000076ef00000,0x0000000776900000)
  from space 10240K, 99% used [0x0000000777300000,0x0000000777cfc090,0x0000000777d00000)
  to   space 10240K, 0% used [0x0000000776900000,0x0000000776900000,0x0000000777300000)
 ParOldGen       total 105472K, used 19080K [0x00000006ccc00000, 0x00000006d3300000, 0x000000076ef00000)
  object space 105472K, 18% used [0x00000006ccc00000,0x00000006cdea23c8,0x00000006d3300000)
 Metaspace       used 34101K, capacity 35266K, committed 35416K, reserved 1081344K
  class space    used 4296K, capacity 4551K, committed 4608K, reserved 1048576K
}
Event: 6.284 GC heap before
{Heap before GC invocations=6 (full 2):
 PSYoungGen      total 135168K, used 10224K [0x000000076ef00000, 0x0000000777d00000, 0x00000007c0000000)
  eden space 124928K, 0% used [0x000000076ef00000,0x000000076ef00000,0x0000000776900000)
  from space 10240K, 99% used [0x0000000777300000,0x0000000777cfc090,0x0000000777d00000)
  to   space 10240K, 0% used [0x0000000776900000,0x0000000776900000,0x0000000777300000)
 ParOldGen       total 105472K, used 19080K [0x00000006ccc00000, 0x00000006d3300000, 0x000000076ef00000)
  object space 105472K, 18% used [0x00000006ccc00000,0x00000006cdea23c8,0x00000006d3300000)
 Metaspace       used 34101K, capacity 35266K, committed 35416K, reserved 1081344K
  class space    used 4296K, capacity 4551K, committed 4608K, reserved 1048576K
Event: 6.440 GC heap after
Heap after GC invocations=6 (full 2):
 PSYoungGen      total 135168K, used 0K [0x000000076ef00000, 0x0000000777d00000, 0x00000007c0000000)
  eden space 124928K, 0% used [0x000000076ef00000,0x000000076ef00000,0x0000000776900000)
  from space 10240K, 0% used [0x0000000777300000,0x0000000777300000,0x0000000777d00000)
  to   space 10240K, 0% used [0x0000000776900000,0x0000000776900000,0x0000000777300000)
 ParOldGen       total 105472K, used 19790K [0x00000006ccc00000, 0x00000006d3300000, 0x000000076ef00000)
  object space 105472K, 18% used [0x00000006ccc00000,0x00000006cdf539b0,0x00000006d3300000)
 Metaspace       used 34101K, capacity 35266K, committed 35416K, reserved 1081344K
  class space    used 4296K, capacity 4551K, committed 4608K, reserved 1048576K
}

